2021-09-26 19:30:20,181 DEBUG [main] - beans.Logger.debug 22 - ====== INICIALIZAÇÃO ======
2021-09-26 19:30:26,292 DEBUG [main] - beans.Logger.debug 22 - ====== HOME- MY STORE ======
2021-09-26 19:30:28,523 DEBUG [main] - beans.Logger.debug 22 - ===== Inicialização de login =====
2021-09-26 19:30:30,587 DEBUG [main] - beans.Logger.debug 22 - ====== Login: desafioautomacao@gmail.com======
2021-09-26 19:30:30,587 DEBUG [main] - beans.Logger.debug 22 - ===== Welcome =====
2021-09-26 19:30:32,416 DEBUG [main] - beans.Logger.debug 22 - ==== Adicionando Card Blouse ====
2021-09-26 19:30:47,477 DEBUG [main] - beans.Logger.debug 22 - ====== INICIALIZAÇÃO ======
2021-09-26 19:30:51,179 DEBUG [main] - beans.Logger.debug 22 - ====== HOME- MY STORE ======
2021-09-26 19:30:52,677 DEBUG [main] - beans.Logger.debug 22 - ===== Inicialização de login =====
2021-09-26 19:30:54,518 DEBUG [main] - beans.Logger.debug 22 - ====== Login: desafioautomacao@gmail.com======
2021-09-26 19:30:54,519 DEBUG [main] - beans.Logger.debug 22 - ===== Welcome =====
2021-09-26 19:30:56,482 DEBUG [main] - beans.Logger.debug 22 - ==== Adicionando Card Blouse ====
2021-09-26 19:32:39,307 DEBUG [main] - beans.Logger.debug 22 - ====== INICIALIZAÇÃO ======
2021-09-26 19:32:43,370 DEBUG [main] - beans.Logger.debug 22 - ====== HOME- MY STORE ======
2021-09-26 19:32:45,171 DEBUG [main] - beans.Logger.debug 22 - ===== Inicialização de login =====
2021-09-26 19:32:47,391 DEBUG [main] - beans.Logger.debug 22 - ====== Login: desafioautomacao@gmail.com======
2021-09-26 19:32:47,391 DEBUG [main] - beans.Logger.debug 22 - ===== Welcome =====
2021-09-26 19:32:50,446 DEBUG [main] - beans.Logger.debug 22 - ==== Adicionando Card Blouse ====
2021-09-26 19:32:53,193 DEBUG [main] - beans.Logger.debug 22 - ==== Informações da compra do produto: 1, M ====
2021-09-26 19:32:55,721 DEBUG [main] - beans.Logger.debug 22 - ===== Blouse=====
2021-09-26 19:32:57,683 DEBUG [main] - beans.Logger.debug 22 - ====== Validação do carrinho ======
2021-09-26 19:32:57,882 DEBUG [main] - beans.Logger.debug 22 - ====== Validando valores do pedido ======
2021-09-26 19:32:58,090 DEBUG [main] - beans.Logger.debug 22 - ====== Checkout ======
2021-09-26 19:32:59,377 DEBUG [main] - beans.Logger.debug 22 - ====== Validação do Endereço ======
2021-09-26 19:32:59,782 DEBUG [main] - beans.Logger.debug 22 - ====== Checkout ======
2021-09-26 19:33:01,208 DEBUG [main] - beans.Logger.debug 22 - ====== Validação de Entrega ======
2021-09-26 19:33:01,840 DEBUG [main] - beans.Logger.debug 22 - ====== Checkout ======
2021-09-26 19:33:03,156 DEBUG [main] - beans.Logger.debug 22 - ===== PAGAMENTO SALVO: bankwire======
2021-09-26 19:33:03,157 DEBUG [main] - beans.Logger.debug 22 - ====== Entrando na escolha de metodo de pagamento ======
2021-09-26 19:33:03,157 DEBUG [main] - beans.Logger.debug 22 - ====== Escolhido transferencia bancaria ======
2021-09-26 19:33:04,163 DEBUG [main] - beans.Logger.debug 22 - ====== Confirmação do Pedido ======
2021-09-26 19:33:06,176 DEBUG [main] - beans.Logger.debug 22 - ====== Finalização da compra com Sucesso ======
